{"/Users/a123/frontend-project-46/src/index.js": {"path":"/Users/a123/frontend-project-46/src/index.js","statementMap":{"0":{"start":{"line":5,"column":16},"end":{"line":42,"column":1}},"1":{"start":{"line":6,"column":14},"end":{"line":6,"column":43}},"2":{"start":{"line":7,"column":14},"end":{"line":7,"column":43}},"3":{"start":{"line":8,"column":2},"end":{"line":8,"column":28}},"4":{"start":{"line":9,"column":2},"end":{"line":9,"column":28}},"5":{"start":{"line":10,"column":16},"end":{"line":10,"column":29}},"6":{"start":{"line":11,"column":16},"end":{"line":11,"column":29}},"7":{"start":{"line":12,"column":18},"end":{"line":12,"column":39}},"8":{"start":{"line":13,"column":21},"end":{"line":13,"column":38}},"9":{"start":{"line":15,"column":17},"end":{"line":32,"column":4}},"10":{"start":{"line":16,"column":4},"end":{"line":18,"column":5}},"11":{"start":{"line":17,"column":6},"end":{"line":17,"column":77}},"12":{"start":{"line":19,"column":4},"end":{"line":21,"column":5}},"13":{"start":{"line":20,"column":6},"end":{"line":20,"column":55}},"14":{"start":{"line":22,"column":4},"end":{"line":24,"column":5}},"15":{"start":{"line":23,"column":6},"end":{"line":23,"column":57}},"16":{"start":{"line":25,"column":4},"end":{"line":29,"column":5}},"17":{"start":{"line":26,"column":6},"end":{"line":28,"column":8}},"18":{"start":{"line":31,"column":4},"end":{"line":31,"column":57}},"19":{"start":{"line":35,"column":2},"end":{"line":41,"column":16}},"20":{"start":{"line":36,"column":4},"end":{"line":36,"column":69}},"21":{"start":{"line":36,"column":31},"end":{"line":36,"column":69}},"22":{"start":{"line":37,"column":4},"end":{"line":37,"column":71}},"23":{"start":{"line":37,"column":33},"end":{"line":37,"column":71}},"24":{"start":{"line":38,"column":4},"end":{"line":38,"column":70}},"25":{"start":{"line":38,"column":32},"end":{"line":38,"column":70}},"26":{"start":{"line":39,"column":4},"end":{"line":39,"column":107}},"27":{"start":{"line":39,"column":33},"end":{"line":39,"column":107}},"28":{"start":{"line":40,"column":4},"end":{"line":40,"column":73}},"29":{"start":{"line":40,"column":35},"end":{"line":40,"column":73}}},"fnMap":{"0":{"name":"(anonymous_0)","decl":{"start":{"line":5,"column":16},"end":{"line":5,"column":17}},"loc":{"start":{"line":5,"column":32},"end":{"line":42,"column":1}},"line":5},"1":{"name":"(anonymous_1)","decl":{"start":{"line":15,"column":32},"end":{"line":15,"column":33}},"loc":{"start":{"line":15,"column":41},"end":{"line":32,"column":3}},"line":15},"2":{"name":"(anonymous_2)","decl":{"start":{"line":35,"column":20},"end":{"line":35,"column":21}},"loc":{"start":{"line":35,"column":30},"end":{"line":41,"column":3}},"line":35}},"branchMap":{"0":{"loc":{"start":{"line":16,"column":4},"end":{"line":18,"column":5}},"type":"if","locations":[{"start":{"line":16,"column":4},"end":{"line":18,"column":5}},{"start":{},"end":{}}],"line":16},"1":{"loc":{"start":{"line":16,"column":8},"end":{"line":16,"column":56}},"type":"binary-expr","locations":[{"start":{"line":16,"column":8},"end":{"line":16,"column":30}},{"start":{"line":16,"column":34},"end":{"line":16,"column":56}}],"line":16},"2":{"loc":{"start":{"line":19,"column":4},"end":{"line":21,"column":5}},"type":"if","locations":[{"start":{"line":19,"column":4},"end":{"line":21,"column":5}},{"start":{},"end":{}}],"line":19},"3":{"loc":{"start":{"line":22,"column":4},"end":{"line":24,"column":5}},"type":"if","locations":[{"start":{"line":22,"column":4},"end":{"line":24,"column":5}},{"start":{},"end":{}}],"line":22},"4":{"loc":{"start":{"line":25,"column":4},"end":{"line":29,"column":5}},"type":"if","locations":[{"start":{"line":25,"column":4},"end":{"line":29,"column":5}},{"start":{},"end":{}}],"line":25},"5":{"loc":{"start":{"line":36,"column":4},"end":{"line":36,"column":69}},"type":"if","locations":[{"start":{"line":36,"column":4},"end":{"line":36,"column":69}},{"start":{},"end":{}}],"line":36},"6":{"loc":{"start":{"line":37,"column":4},"end":{"line":37,"column":71}},"type":"if","locations":[{"start":{"line":37,"column":4},"end":{"line":37,"column":71}},{"start":{},"end":{}}],"line":37},"7":{"loc":{"start":{"line":38,"column":4},"end":{"line":38,"column":70}},"type":"if","locations":[{"start":{"line":38,"column":4},"end":{"line":38,"column":70}},{"start":{},"end":{}}],"line":38},"8":{"loc":{"start":{"line":39,"column":4},"end":{"line":39,"column":107}},"type":"if","locations":[{"start":{"line":39,"column":4},"end":{"line":39,"column":107}},{"start":{},"end":{}}],"line":39},"9":{"loc":{"start":{"line":40,"column":4},"end":{"line":40,"column":73}},"type":"if","locations":[{"start":{"line":40,"column":4},"end":{"line":40,"column":73}},{"start":{},"end":{}}],"line":40}},"s":{"0":1,"1":1,"2":1,"3":1,"4":1,"5":1,"6":1,"7":1,"8":1,"9":1,"10":5,"11":0,"12":5,"13":1,"14":4,"15":2,"16":2,"17":1,"18":1,"19":1,"20":5,"21":1,"22":4,"23":2,"24":2,"25":0,"26":2,"27":1,"28":1,"29":1},"f":{"0":1,"1":5,"2":5},"b":{"0":[0,5],"1":[5,0],"2":[1,4],"3":[2,2],"4":[1,1],"5":[1,4],"6":[2,2],"7":[0,2],"8":[1,1],"9":[1,0]},"_coverageSchema":"1a1c01bbd47fc00a2c39e90264f33305004495a9","hash":"5c7b5924422128a5c63b9b7e560943aa5682e7d1"}
}
