{"/Users/a123/frontend-project-46/src/index.js": {"path":"/Users/a123/frontend-project-46/src/index.js","all":false,"statementMap":{"0":{"start":{"line":1,"column":0},"end":{"line":1,"column":20}},"1":{"start":{"line":2,"column":0},"end":{"line":2,"column":42}},"2":{"start":{"line":3,"column":0},"end":{"line":3,"column":23}},"3":{"start":{"line":4,"column":0},"end":{"line":4,"column":0}},"4":{"start":{"line":5,"column":0},"end":{"line":5,"column":33}},"5":{"start":{"line":6,"column":0},"end":{"line":6,"column":44}},"6":{"start":{"line":7,"column":0},"end":{"line":7,"column":44}},"7":{"start":{"line":8,"column":0},"end":{"line":8,"column":28}},"8":{"start":{"line":9,"column":0},"end":{"line":9,"column":28}},"9":{"start":{"line":10,"column":0},"end":{"line":10,"column":30}},"10":{"start":{"line":11,"column":0},"end":{"line":11,"column":30}},"11":{"start":{"line":12,"column":0},"end":{"line":12,"column":40}},"12":{"start":{"line":13,"column":0},"end":{"line":13,"column":39}},"13":{"start":{"line":14,"column":0},"end":{"line":14,"column":0}},"14":{"start":{"line":15,"column":0},"end":{"line":15,"column":42}},"15":{"start":{"line":16,"column":0},"end":{"line":16,"column":59}},"16":{"start":{"line":17,"column":0},"end":{"line":17,"column":77}},"17":{"start":{"line":18,"column":0},"end":{"line":18,"column":5}},"18":{"start":{"line":19,"column":0},"end":{"line":19,"column":37}},"19":{"start":{"line":20,"column":0},"end":{"line":20,"column":55}},"20":{"start":{"line":21,"column":0},"end":{"line":21,"column":5}},"21":{"start":{"line":22,"column":0},"end":{"line":22,"column":37}},"22":{"start":{"line":23,"column":0},"end":{"line":23,"column":57}},"23":{"start":{"line":24,"column":0},"end":{"line":24,"column":5}},"24":{"start":{"line":25,"column":0},"end":{"line":25,"column":36}},"25":{"start":{"line":26,"column":0},"end":{"line":26,"column":14}},"26":{"start":{"line":27,"column":0},"end":{"line":27,"column":73}},"27":{"start":{"line":28,"column":0},"end":{"line":28,"column":8}},"28":{"start":{"line":29,"column":0},"end":{"line":29,"column":5}},"29":{"start":{"line":30,"column":0},"end":{"line":30,"column":0}},"30":{"start":{"line":31,"column":0},"end":{"line":31,"column":57}},"31":{"start":{"line":32,"column":0},"end":{"line":32,"column":5}},"32":{"start":{"line":33,"column":0},"end":{"line":33,"column":0}},"33":{"start":{"line":34,"column":0},"end":{"line":34,"column":70}},"34":{"start":{"line":35,"column":0},"end":{"line":35,"column":31}},"35":{"start":{"line":36,"column":0},"end":{"line":36,"column":69}},"36":{"start":{"line":37,"column":0},"end":{"line":37,"column":71}},"37":{"start":{"line":38,"column":0},"end":{"line":38,"column":70}},"38":{"start":{"line":39,"column":0},"end":{"line":39,"column":107}},"39":{"start":{"line":40,"column":0},"end":{"line":40,"column":73}},"40":{"start":{"line":41,"column":0},"end":{"line":41,"column":16}},"41":{"start":{"line":42,"column":0},"end":{"line":42,"column":2}},"42":{"start":{"line":43,"column":0},"end":{"line":43,"column":0}},"43":{"start":{"line":44,"column":0},"end":{"line":44,"column":23}}},"s":{"0":1,"1":1,"2":1,"3":1,"4":1,"5":1,"6":1,"7":1,"8":1,"9":1,"10":1,"11":1,"12":1,"13":1,"14":1,"15":5,"16":0,"17":0,"18":5,"19":1,"20":1,"21":5,"22":2,"23":2,"24":5,"25":1,"26":1,"27":1,"28":1,"29":1,"30":1,"31":1,"32":1,"33":1,"34":1,"35":5,"36":5,"37":5,"38":5,"39":1,"40":1,"41":1,"42":1,"43":1},"branchMap":{"0":{"type":"branch","line":5,"loc":{"start":{"line":5,"column":16},"end":{"line":42,"column":2}},"locations":[{"start":{"line":5,"column":16},"end":{"line":42,"column":2}}]},"1":{"type":"branch","line":15,"loc":{"start":{"line":15,"column":33},"end":{"line":32,"column":3}},"locations":[{"start":{"line":15,"column":33},"end":{"line":32,"column":3}}]},"2":{"type":"branch","line":16,"loc":{"start":{"line":16,"column":30},"end":{"line":16,"column":56}},"locations":[{"start":{"line":16,"column":30},"end":{"line":16,"column":56}}]},"3":{"type":"branch","line":16,"loc":{"start":{"line":16,"column":58},"end":{"line":18,"column":5}},"locations":[{"start":{"line":16,"column":58},"end":{"line":18,"column":5}}]},"4":{"type":"branch","line":19,"loc":{"start":{"line":19,"column":36},"end":{"line":21,"column":5}},"locations":[{"start":{"line":19,"column":36},"end":{"line":21,"column":5}}]},"5":{"type":"branch","line":21,"loc":{"start":{"line":21,"column":4},"end":{"line":22,"column":36}},"locations":[{"start":{"line":21,"column":4},"end":{"line":22,"column":36}}]},"6":{"type":"branch","line":22,"loc":{"start":{"line":22,"column":36},"end":{"line":25,"column":35}},"locations":[{"start":{"line":22,"column":36},"end":{"line":25,"column":35}}]},"7":{"type":"branch","line":25,"loc":{"start":{"line":25,"column":35},"end":{"line":32,"column":3}},"locations":[{"start":{"line":25,"column":35},"end":{"line":32,"column":3}}]},"8":{"type":"branch","line":35,"loc":{"start":{"line":35,"column":21},"end":{"line":41,"column":3}},"locations":[{"start":{"line":35,"column":21},"end":{"line":41,"column":3}}]},"9":{"type":"branch","line":36,"loc":{"start":{"line":36,"column":31},"end":{"line":36,"column":69}},"locations":[{"start":{"line":36,"column":31},"end":{"line":36,"column":69}}]},"10":{"type":"branch","line":36,"loc":{"start":{"line":36,"column":68},"end":{"line":37,"column":33}},"locations":[{"start":{"line":36,"column":68},"end":{"line":37,"column":33}}]},"11":{"type":"branch","line":37,"loc":{"start":{"line":37,"column":33},"end":{"line":38,"column":32}},"locations":[{"start":{"line":37,"column":33},"end":{"line":38,"column":32}}]},"12":{"type":"branch","line":38,"loc":{"start":{"line":38,"column":32},"end":{"line":38,"column":70}},"locations":[{"start":{"line":38,"column":32},"end":{"line":38,"column":70}}]},"13":{"type":"branch","line":38,"loc":{"start":{"line":38,"column":69},"end":{"line":39,"column":33}},"locations":[{"start":{"line":38,"column":69},"end":{"line":39,"column":33}}]},"14":{"type":"branch","line":39,"loc":{"start":{"line":39,"column":33},"end":{"line":40,"column":73}},"locations":[{"start":{"line":39,"column":33},"end":{"line":40,"column":73}}]}},"b":{"0":[1],"1":[5],"2":[0],"3":[0],"4":[1],"5":[4],"6":[2],"7":[1],"8":[5],"9":[1],"10":[4],"11":[2],"12":[0],"13":[2],"14":[1]},"fnMap":{"0":{"name":"genDiff","decl":{"start":{"line":5,"column":16},"end":{"line":42,"column":2}},"loc":{"start":{"line":5,"column":16},"end":{"line":42,"column":2}},"line":5}},"f":{"0":1}}
}
