TN:
SF:src/index.js
FN:5,(anonymous_0)
FN:15,(anonymous_1)
FN:35,(anonymous_2)
FNF:3
FNH:3
FNDA:1,(anonymous_0)
FNDA:5,(anonymous_1)
FNDA:5,(anonymous_2)
DA:5,1
DA:6,1
DA:7,1
DA:8,1
DA:9,1
DA:10,1
DA:11,1
DA:12,1
DA:13,1
DA:15,1
DA:16,5
DA:17,0
DA:19,5
DA:20,1
DA:22,4
DA:23,2
DA:25,2
DA:26,1
DA:31,1
DA:35,1
DA:36,5
DA:37,4
DA:38,2
DA:39,2
DA:40,1
LF:25
LH:24
BRDA:16,0,0,0
BRDA:16,0,1,5
BRDA:16,1,0,5
BRDA:16,1,1,0
BRDA:19,2,0,1
BRDA:19,2,1,4
BRDA:22,3,0,2
BRDA:22,3,1,2
BRDA:25,4,0,1
BRDA:25,4,1,1
BRDA:36,5,0,1
BRDA:36,5,1,4
BRDA:37,6,0,2
BRDA:37,6,1,2
BRDA:38,7,0,0
BRDA:38,7,1,2
BRDA:39,8,0,1
BRDA:39,8,1,1
BRDA:40,9,0,1
BRDA:40,9,1,0
BRF:20
BRH:16
end_of_record
