TN:
SF:../../src/index.js
FN:5,genDiff
FNF:1
FNH:1
FNDA:1,genDiff
DA:1,1
DA:2,1
DA:3,1
DA:4,1
DA:5,1
DA:6,1
DA:7,1
DA:8,1
DA:9,1
DA:10,1
DA:11,1
DA:12,1
DA:13,1
DA:14,1
DA:15,1
DA:16,5
DA:17,0
DA:18,0
DA:19,5
DA:20,1
DA:21,1
DA:22,5
DA:23,2
DA:24,2
DA:25,5
DA:26,1
DA:27,1
DA:28,1
DA:29,1
DA:30,1
DA:31,1
DA:32,1
DA:33,1
DA:34,1
DA:35,1
DA:36,5
DA:37,5
DA:38,5
DA:39,5
DA:40,1
DA:41,1
DA:42,1
DA:43,1
DA:44,1
LF:44
LH:42
BRDA:5,0,0,1
BRDA:15,1,0,5
BRDA:16,2,0,0
BRDA:16,3,0,0
BRDA:19,4,0,1
BRDA:21,5,0,4
BRDA:22,6,0,2
BRDA:25,7,0,1
BRDA:35,8,0,5
BRDA:36,9,0,1
BRDA:36,10,0,4
BRDA:37,11,0,2
BRDA:38,12,0,0
BRDA:38,13,0,2
BRDA:39,14,0,1
BRF:15
BRH:12
end_of_record
